app/build/intermediates/manifest_merge_blame_file/release/manifest-merger-blame-release-report.txt
1<?xml version="1.0" encoding="utf-8"?>
2<manifest xmlns:android="http://schemas.android.com/apk/res/android"
3    package="com.fantasticiii.temantravelling"
4    android:versionCode="1"
5    android:versionName="1.0" >
6
7    <uses-sdk
8        android:minSdkVersion="24"
8-->src\main\AndroidManifest.xml
9        android:targetSdkVersion="30" />
9-->src\main\AndroidManifest.xml
10
11    <application
11-->src\main\AndroidManifest.xml:5:5-31:19
12        android:allowBackup="true"
12-->src\main\AndroidManifest.xml:6:9-35
13        android:appComponentFactory="androidx.core.app.CoreComponentFactory"
13-->[androidx.core:core:1.3.1] AndroidManifest.xml:24:18-86
14        android:extractNativeLibs="false"
15        android:icon="@mipmap/ic_launcher"
15-->src\main\AndroidManifest.xml:7:9-43
16        android:label="@string/app_name"
16-->src\main\AndroidManifest.xml:8:9-41
17        android:roundIcon="@mipmap/ic_launcher_round"
17-->src\main\AndroidManifest.xml:9:9-54
18        android:supportsRtl="true"
18-->src\main\AndroidManifest.xml:10:9-35
19        android:theme="@style/Theme.TemanTravelling" >
19-->src\main\AndroidManifest.xml:11:9-53
20        <activity
20-->src\main\AndroidManifest.xml:12:9-127
21            android:name="com.fantasticiii.temantravelling.Activities.TourGuideActivity"
21-->src\main\AndroidManifest.xml:12:19-63
22            android:theme="@style/Theme.TemanTravelling.TransparentTheme" />
22-->src\main\AndroidManifest.xml:12:64-125
23        <activity android:name="com.fantasticiii.temantravelling.Activities.OrderTourGuideActivity" />
23-->src\main\AndroidManifest.xml:13:9-71
23-->src\main\AndroidManifest.xml:13:19-68
24        <activity android:name="com.fantasticiii.temantravelling.Activities.MainActivity" />
24-->src\main\AndroidManifest.xml:14:9-61
24-->src\main\AndroidManifest.xml:14:19-58
25        <activity android:name="com.fantasticiii.temantravelling.Activities.SignUpActivity" />
25-->src\main\AndroidManifest.xml:15:9-63
25-->src\main\AndroidManifest.xml:15:19-60
26        <activity android:name="com.fantasticiii.temantravelling.Activities.SignInActivity" />
26-->src\main\AndroidManifest.xml:16:9-63
26-->src\main\AndroidManifest.xml:16:19-60
27        <activity
27-->src\main\AndroidManifest.xml:17:9-25:20
28            android:name="com.fantasticiii.temantravelling.SplashScreen.SplashScreen"
28-->src\main\AndroidManifest.xml:18:13-54
29            android:theme="@style/SplashTheme" >
29-->src\main\AndroidManifest.xml:19:13-47
30            <intent-filter>
30-->src\main\AndroidManifest.xml:20:13-24:29
31                <action android:name="android.intent.action.MAIN" />
31-->src\main\AndroidManifest.xml:21:17-69
31-->src\main\AndroidManifest.xml:21:25-66
32
33                <category android:name="android.intent.category.LAUNCHER" />
33-->src\main\AndroidManifest.xml:23:17-77
33-->src\main\AndroidManifest.xml:23:27-74
34            </intent-filter>
35        </activity>
36        <activity android:name="com.fantasticiii.temantravelling.Activities.WelcomeActivity" />
36-->src\main\AndroidManifest.xml:26:9-64
36-->src\main\AndroidManifest.xml:26:19-61
37
38        <meta-data
38-->src\main\AndroidManifest.xml:28:9-30:57
39            android:name="preloaded_fonts"
39-->src\main\AndroidManifest.xml:29:13-43
40            android:resource="@array/preloaded_fonts" />
40-->src\main\AndroidManifest.xml:30:13-54
41    </application>
42
43</manifest>